{"uid":"c5e6ec060feafcc4","name":"分类功能随机抽取验证--","fullName":"case_floor.aaaaa#test_03_login","historyId":"690c97446d1e6761e8fbf8fddd9530b1","time":{"start":1752026542140,"stop":1752026577014,"duration":34874},"status":"broken","statusMessage":"selenium.common.exceptions.NoSuchElementException: Message: An element could not be located on the page using the given search parameters.; For documentation on this error, please visit: https://www.selenium.dev/documentation/webdriver/troubleshooting/errors#no-such-element-exception\nStacktrace:\nNoSuchElementError: An element could not be located on the page using the given search parameters.\n    at AndroidUiautomator2Driver.findElOrEls (C:\\Users\\nakex\\AppData\\Local\\Programs\\Appium\\resources\\app\\node_modules\\appium\\node_modules\\appium-android-driver\\lib\\commands\\find.js:75:11)","statusTrace":"case_name = '分类功能随机抽取验证--'\n\n    @allure.epic(\"番茄免费小说书籍获取与查找功能测试报告\")\n    @allure.feature(\"分类功能\")\n    @pytest.mark.parametrize(\"case_name\",[(\"分类功能随机抽取验证--\")])\n    def test_03_login(case_name):\n        allure.dynamic.title(case_name)\n        driver = webdriver.Remote('http://127.0.0.1:4723/wd/hub', desired_caps)\n        time.sleep(20)\n    \n        #进入分类页面\n        driver.find_element(by=By.ID, value=\"com.dragon.read:id/vt\").click()\n    \n        after_1 = driver.find_elements(\"xpath\", \"//*[@class='android.widget.TextView']\")\n        if len(after_1) > 0:\n            a.info(case_name + \"分页功能跳转页面验证成功\")\n        else:#android.widget.LinearLayout\n            a.warning(case_name + \"分页功能跳转失败，未找到分类列表元素\")\n    \n    \n    #================男女分类书籍==============\n>       driver.find_element(by=By.ID, value=\"com.dragon.read:id/a1e\").click()\n\n..\\case_floor\\aaaaa.py:146: \n_ _ _ _ _ _ _ _ _ _ _ _ _ _ _ _ _ _ _ _ _ _ _ _ _ _ _ _ _ _ _ _ _ _ _ _ _ _ _ _\nD:\\apps\\python\\lib\\site-packages\\appium\\webdriver\\webdriver.py:409: in find_element\n    return self.execute(RemoteCommand.FIND_ELEMENT, {'using': by, 'value': value})['value']\nD:\\apps\\python\\lib\\site-packages\\selenium\\webdriver\\remote\\webdriver.py:345: in execute\n    self.error_handler.check_response(response)\n_ _ _ _ _ _ _ _ _ _ _ _ _ _ _ _ _ _ _ _ _ _ _ _ _ _ _ _ _ _ _ _ _ _ _ _ _ _ _ _\n\nself = <appium.webdriver.errorhandler.MobileErrorHandler object at 0x0000015DF9A87288>\nresponse = {'status': 404, 'value': '{\"value\":{\"error\":\"no such element\",\"message\":\"An element could not be located on the page u...ces\\\\\\\\app\\\\\\\\node_modules\\\\\\\\appium\\\\\\\\node_modules\\\\\\\\appium-android-driver\\\\\\\\lib\\\\\\\\commands\\\\\\\\find.js:75:11)\"}}'}\n\n    def check_response(self, response: Dict[str, Any]) -> None:\n        \"\"\"\n        https://www.w3.org/TR/webdriver/#errors\n        \"\"\"\n        payload = response.get('value', '')\n        try:\n            payload_dict = json.loads(payload)\n        except (json.JSONDecodeError, TypeError):\n            return\n        if not isinstance(payload_dict, dict):\n            return\n        value = payload_dict.get('value')\n        if not isinstance(value, dict):\n            return\n        error = value.get('error')\n        if not error:\n            return\n    \n        message = value.get('message', error)\n        stacktrace = value.get('stacktrace', '')\n        # In theory, we should also be checking HTTP status codes.\n        # Java client, for example, prints a warning if the actual `error`\n        # value does not match to the response's HTTP status code.\n        exception_class: Type[sel_exceptions.WebDriverException] = ERROR_TO_EXC_MAPPING.get(\n            error, sel_exceptions.WebDriverException\n        )\n        if exception_class is sel_exceptions.WebDriverException and message:\n            if message == 'No such context found.':\n                exception_class = appium_exceptions.NoSuchContextException\n            elif message == 'That command could not be executed in the current context.':\n                exception_class = appium_exceptions.InvalidSwitchToTargetException\n    \n        if exception_class is sel_exceptions.UnexpectedAlertPresentException:\n            raise sel_exceptions.UnexpectedAlertPresentException(\n                msg=message,\n                stacktrace=format_stacktrace(stacktrace),\n                alert_text=value.get('data'),\n            )\n>       raise exception_class(msg=message, stacktrace=format_stacktrace(stacktrace))\nE       selenium.common.exceptions.NoSuchElementException: Message: An element could not be located on the page using the given search parameters.; For documentation on this error, please visit: https://www.selenium.dev/documentation/webdriver/troubleshooting/errors#no-such-element-exception\nE       Stacktrace:\nE       NoSuchElementError: An element could not be located on the page using the given search parameters.\nE           at AndroidUiautomator2Driver.findElOrEls (C:\\Users\\nakex\\AppData\\Local\\Programs\\Appium\\resources\\app\\node_modules\\appium\\node_modules\\appium-android-driver\\lib\\commands\\find.js:75:11)\n\nD:\\apps\\python\\lib\\site-packages\\appium\\webdriver\\errorhandler.py:122: NoSuchElementException","flaky":false,"newFailed":false,"newBroken":false,"newPassed":false,"retriesCount":0,"retriesStatusChange":false,"beforeStages":[],"testStage":{"status":"broken","statusMessage":"selenium.common.exceptions.NoSuchElementException: Message: An element could not be located on the page using the given search parameters.; For documentation on this error, please visit: https://www.selenium.dev/documentation/webdriver/troubleshooting/errors#no-such-element-exception\nStacktrace:\nNoSuchElementError: An element could not be located on the page using the given search parameters.\n    at AndroidUiautomator2Driver.findElOrEls (C:\\Users\\nakex\\AppData\\Local\\Programs\\Appium\\resources\\app\\node_modules\\appium\\node_modules\\appium-android-driver\\lib\\commands\\find.js:75:11)","statusTrace":"case_name = '分类功能随机抽取验证--'\n\n    @allure.epic(\"番茄免费小说书籍获取与查找功能测试报告\")\n    @allure.feature(\"分类功能\")\n    @pytest.mark.parametrize(\"case_name\",[(\"分类功能随机抽取验证--\")])\n    def test_03_login(case_name):\n        allure.dynamic.title(case_name)\n        driver = webdriver.Remote('http://127.0.0.1:4723/wd/hub', desired_caps)\n        time.sleep(20)\n    \n        #进入分类页面\n        driver.find_element(by=By.ID, value=\"com.dragon.read:id/vt\").click()\n    \n        after_1 = driver.find_elements(\"xpath\", \"//*[@class='android.widget.TextView']\")\n        if len(after_1) > 0:\n            a.info(case_name + \"分页功能跳转页面验证成功\")\n        else:#android.widget.LinearLayout\n            a.warning(case_name + \"分页功能跳转失败，未找到分类列表元素\")\n    \n    \n    #================男女分类书籍==============\n>       driver.find_element(by=By.ID, value=\"com.dragon.read:id/a1e\").click()\n\n..\\case_floor\\aaaaa.py:146: \n_ _ _ _ _ _ _ _ _ _ _ _ _ _ _ _ _ _ _ _ _ _ _ _ _ _ _ _ _ _ _ _ _ _ _ _ _ _ _ _\nD:\\apps\\python\\lib\\site-packages\\appium\\webdriver\\webdriver.py:409: in find_element\n    return self.execute(RemoteCommand.FIND_ELEMENT, {'using': by, 'value': value})['value']\nD:\\apps\\python\\lib\\site-packages\\selenium\\webdriver\\remote\\webdriver.py:345: in execute\n    self.error_handler.check_response(response)\n_ _ _ _ _ _ _ _ _ _ _ _ _ _ _ _ _ _ _ _ _ _ _ _ _ _ _ _ _ _ _ _ _ _ _ _ _ _ _ _\n\nself = <appium.webdriver.errorhandler.MobileErrorHandler object at 0x0000015DF9A87288>\nresponse = {'status': 404, 'value': '{\"value\":{\"error\":\"no such element\",\"message\":\"An element could not be located on the page u...ces\\\\\\\\app\\\\\\\\node_modules\\\\\\\\appium\\\\\\\\node_modules\\\\\\\\appium-android-driver\\\\\\\\lib\\\\\\\\commands\\\\\\\\find.js:75:11)\"}}'}\n\n    def check_response(self, response: Dict[str, Any]) -> None:\n        \"\"\"\n        https://www.w3.org/TR/webdriver/#errors\n        \"\"\"\n        payload = response.get('value', '')\n        try:\n            payload_dict = json.loads(payload)\n        except (json.JSONDecodeError, TypeError):\n            return\n        if not isinstance(payload_dict, dict):\n            return\n        value = payload_dict.get('value')\n        if not isinstance(value, dict):\n            return\n        error = value.get('error')\n        if not error:\n            return\n    \n        message = value.get('message', error)\n        stacktrace = value.get('stacktrace', '')\n        # In theory, we should also be checking HTTP status codes.\n        # Java client, for example, prints a warning if the actual `error`\n        # value does not match to the response's HTTP status code.\n        exception_class: Type[sel_exceptions.WebDriverException] = ERROR_TO_EXC_MAPPING.get(\n            error, sel_exceptions.WebDriverException\n        )\n        if exception_class is sel_exceptions.WebDriverException and message:\n            if message == 'No such context found.':\n                exception_class = appium_exceptions.NoSuchContextException\n            elif message == 'That command could not be executed in the current context.':\n                exception_class = appium_exceptions.InvalidSwitchToTargetException\n    \n        if exception_class is sel_exceptions.UnexpectedAlertPresentException:\n            raise sel_exceptions.UnexpectedAlertPresentException(\n                msg=message,\n                stacktrace=format_stacktrace(stacktrace),\n                alert_text=value.get('data'),\n            )\n>       raise exception_class(msg=message, stacktrace=format_stacktrace(stacktrace))\nE       selenium.common.exceptions.NoSuchElementException: Message: An element could not be located on the page using the given search parameters.; For documentation on this error, please visit: https://www.selenium.dev/documentation/webdriver/troubleshooting/errors#no-such-element-exception\nE       Stacktrace:\nE       NoSuchElementError: An element could not be located on the page using the given search parameters.\nE           at AndroidUiautomator2Driver.findElOrEls (C:\\Users\\nakex\\AppData\\Local\\Programs\\Appium\\resources\\app\\node_modules\\appium\\node_modules\\appium-android-driver\\lib\\commands\\find.js:75:11)\n\nD:\\apps\\python\\lib\\site-packages\\appium\\webdriver\\errorhandler.py:122: NoSuchElementException","steps":[],"attachments":[{"uid":"7bb72aaf1e1c6b0c","name":"log","source":"7bb72aaf1e1c6b0c.txt","type":"text/plain","size":133}],"parameters":[],"shouldDisplayMessage":true,"attachmentsCount":1,"stepsCount":0,"hasContent":true},"afterStages":[],"labels":[{"name":"epic","value":"番茄免费小说书籍获取与查找功能测试报告"},{"name":"feature","value":"分类功能"},{"name":"parentSuite","value":"case_floor"},{"name":"suite","value":"aaaaa"},{"name":"host","value":"nkxf"},{"name":"thread","value":"20436-MainThread"},{"name":"framework","value":"pytest"},{"name":"language","value":"cpython3"},{"name":"package","value":"case_floor.aaaaa"},{"name":"resultFormat","value":"allure2"}],"parameters":[{"name":"case_name","value":"'分类功能随机抽取验证--'"}],"links":[],"hidden":true,"retry":true,"extra":{"categories":[],"tags":[]},"source":"c5e6ec060feafcc4.json","parameterValues":["'分类功能随机抽取验证--'"]}